<?xml version="1.0" encoding="UTF-8"?>
<testng-results skipped="0" failed="0" total="2" passed="2">
  <reporter-output>
  </reporter-output>
  <suite name="Default suite" duration-ms="2194" started-at="2015-12-12T23:37:33Z" finished-at="2015-12-12T23:37:35Z">
    <groups>
    </groups>
    <test name="Default test" duration-ms="2194" started-at="2015-12-12T23:37:33Z" finished-at="2015-12-12T23:37:35Z">
      <class name="UnitTest.TestDataprovider">
        <test-method status="PASS" signature="testConfigReader()" name="testConfigReader" duration-ms="62" started-at="2015-12-12T23:37:33Z" finished-at="2015-12-12T23:37:33Z">
        </test-method>
        <test-method status="PASS" signature="testExcelReader()" name="testExcelReader" duration-ms="2094" started-at="2015-12-12T23:37:33Z" finished-at="2015-12-12T23:37:35Z">
        </test-method>
      </class>
    </test>
  </suite>
</testng-results>
